# JRE version: OpenJDK Runtime Environment Temurin-21.0.12.1+1 (21.0.12.1+1) (build 21.0.12.1+1-LTS)
# Java VM: OpenJDK 64-Bit Server VM Temurin-21.0.12.1+1 (21.0.12.1+1-LTS, mixed mode, sharing, tiered, compressed oops, compressed class ptrs, parallel gc, windows-amd64)
GC Precious Log:
 CardTable entry size: 512
 CPUs: 4 total, 4 available
 Memory: 3973M
 Large Page Support: Disabled
 NUMA Support: Disabled
 Compressed Oops: Enabled (32-bit)
 Alignments: Space 512K, Generation 512K, Heap 2M
 Heap Min Capacity: 100M
 Heap Initial Capacity: 100M
 Heap Max Capacity: 2G
 Pre-touch: Disabled
 Parallel Workers: 4
Heap:
 PSYoungGen      total 15872K, used 14811K [0x00000000d5580000, 0x00000000d6780000, 0x0000000100000000)
  eden space 15360K, 94% used [0x00000000d5580000,0x00000000d63bef48,0x00000000d6480000)
  from space 512K, 43% used [0x00000000d6700000,0x00000000d6738000,0x00000000d6780000)
  to   space 512K, 0% used [0x00000000d6500000,0x00000000d6500000,0x00000000d6580000)
 ParOldGen       total 79360K, used 78984K [0x0000000080000000, 0x0000000084d80000, 0x00000000d5580000)
  object space 79360K, 99% used [0x0000000080000000,0x0000000084d22268,0x0000000084d80000)
 Metaspace       used 68407K, committed 69952K, reserved 1114112K
  class space    used 7858K, committed 8576K, reserved 1048576K
GC Heap History (20 events):
Event: 157.593 GC heap before
{Heap before GC invocations=124 (full 3):
 PSYoungGen      total 15872K, used 15712K [0x00000000d5580000, 0x00000000d6680000, 0x0000000100000000)
  eden space 15360K, 100% used [0x00000000d5580000,0x00000000d6480000,0x00000000d6480000)
  from space 512K, 68% used [0x00000000d6600000,0x00000000d6658040,0x00000000d6680000)
  to   space 512K, 0% used [0x00000000d6580000,0x00000000d6580000,0x00000000d6600000)
 ParOldGen       total 76288K, used 70981K [0x0000000080000000, 0x0000000084a80000, 0x00000000d5580000)
  object space 76288K, 93% used [0x0000000080000000,0x0000000084551778,0x0000000084a80000)
 Metaspace       used 66682K, committed 68224K, reserved 1114112K
  class space    used 7690K, committed 8448K, reserved 1048576K
}
Event: 157.604 GC heap after
{Heap after GC invocations=124 (full 3):
 PSYoungGen      total 15872K, used 480K [0x00000000d5580000, 0x00000000d6a80000, 0x0000000100000000)
  eden space 15360K, 0% used [0x00000000d5580000,0x00000000d5580000,0x00000000d6480000)
  from space 512K, 93% used [0x00000000d6580000,0x00000000d65f8010,0x00000000d6600000)
  to   space 3072K, 0% used [0x00000000d6780000,0x00000000d6780000,0x00000000d6a80000)
 ParOldGen       total 76288K, used 72895K [0x0000000080000000, 0x0000000084a80000, 0x00000000d5580000)
  object space 76288K, 95% used [0x0000000080000000,0x000000008472fe68,0x0000000084a80000)
 Metaspace       used 66682K, committed 68224K, reserved 1114112K
  class space    used 7690K, committed 8448K, reserved 1048576K
}
Event: 158.727 GC heap before
{Heap before GC invocations=125 (full 3):
 PSYoungGen      total 15872K, used 15788K [0x00000000d5580000, 0x00000000d6a80000, 0x0000000100000000)
  eden space 15360K, 99% used [0x00000000d5580000,0x00000000d6473070,0x00000000d6480000)
  from space 512K, 93% used [0x00000000d6580000,0x00000000d65f8010,0x00000000d6600000)
  to   space 3072K, 0% used [0x00000000d6780000,0x00000000d6780000,0x00000000d6a80000)
 ParOldGen       total 76288K, used 72895K [0x0000000080000000, 0x0000000084a80000, 0x00000000d5580000)
  object space 76288K, 95% used [0x0000000080000000,0x000000008472fe68,0x0000000084a80000)
 Metaspace       used 66823K, committed 68416K, reserved 1114112K
  class space    used 7714K, committed 8448K, reserved 1048576K
}
Event: 158.730 GC heap after
{Heap after GC invocations=125 (full 3):
 PSYoungGen      total 15872K, used 432K [0x00000000d5580000, 0x00000000d6800000, 0x0000000100000000)
  eden space 15360K, 0% used [0x00000000d5580000,0x00000000d5580000,0x00000000d6480000)
  from space 512K, 84% used [0x00000000d6780000,0x00000000d67ec030,0x00000000d6800000)
  to   space 1536K, 0% used [0x00000000d6500000,0x00000000d6500000,0x00000000d6680000)
 ParOldGen       total 76288K, used 72943K [0x0000000080000000, 0x0000000084a80000, 0x00000000d5580000)
  object space 76288K, 95% used [0x0000000080000000,0x000000008473be68,0x0000000084a80000)
 Metaspace       used 66823K, committed 68416K, reserved 1114112K
  class space    used 7714K, committed 8448K, reserved 1048576K
}
Event: 160.582 GC heap before
{Heap before GC invocations=126 (full 3):
 PSYoungGen      total 15872K, used 15357K [0x00000000d5580000, 0x00000000d6800000, 0x0000000100000000)
  eden space 15360K, 97% used [0x00000000d5580000,0x00000000d6413438,0x00000000d6480000)
  from space 512K, 84% used [0x00000000d6780000,0x00000000d67ec030,0x00000000d6800000)
  to   space 1536K, 0% used [0x00000000d6500000,0x00000000d6500000,0x00000000d6680000)
 ParOldGen       total 76288K, used 72943K [0x0000000080000000, 0x0000000084a80000, 0x00000000d5580000)
  object space 76288K, 95% used [0x0000000080000000,0x000000008473be68,0x0000000084a80000)
 Metaspace       used 67310K, committed 68864K, reserved 1114112K
  class space    used 7754K, committed 8512K, reserved 1048576K
}
Event: 160.586 GC heap after
{Heap after GC invocations=126 (full 3):
 PSYoungGen      total 16896K, used 576K [0x00000000d5580000, 0x00000000d6800000, 0x0000000100000000)
  eden space 15360K, 0% used [0x00000000d5580000,0x00000000d5580000,0x00000000d6480000)
  from space 1536K, 37% used [0x00000000d6500000,0x00000000d6590110,0x00000000d6680000)
  to   space 1024K, 0% used [0x00000000d6700000,0x00000000d6700000,0x00000000d6800000)
 ParOldGen       total 76288K, used 73233K [0x0000000080000000, 0x0000000084a80000, 0x00000000d5580000)
  object space 76288K, 95% used [0x0000000080000000,0x00000000847845d0,0x0000000084a80000)
 Metaspace       used 67310K, committed 68864K, reserved 1114112K
  class space    used 7754K, committed 8512K, reserved 1048576K
}
Event: 162.347 GC heap before
{Heap before GC invocations=127 (full 3):
 PSYoungGen      total 16896K, used 15936K [0x00000000d5580000, 0x00000000d6800000, 0x0000000100000000)
  eden space 15360K, 100% used [0x00000000d5580000,0x00000000d6480000,0x00000000d6480000)
  from space 1536K, 37% used [0x00000000d6500000,0x00000000d6590110,0x00000000d6680000)
  to   space 1024K, 0% used [0x00000000d6700000,0x00000000d6700000,0x00000000d6800000)
 ParOldGen       total 76288K, used 73233K [0x0000000080000000, 0x0000000084a80000, 0x00000000d5580000)
  object space 76288K, 95% used [0x0000000080000000,0x00000000847845d0,0x0000000084a80000)
 Metaspace       used 68168K, committed 69696K, reserved 1114112K
  class space    used 7852K, committed 8576K, reserved 1048576K
}
Event: 162.352 GC heap after
{Heap after GC invocations=127 (full 3):
 PSYoungGen      total 15872K, used 320K [0x00000000d5580000, 0x00000000d6780000, 0x0000000100000000)
  eden space 15360K, 0% used [0x00000000d5580000,0x00000000d5580000,0x00000000d6480000)
  from space 512K, 62% used [0x00000000d6700000,0x00000000d6750000,0x00000000d6780000)
  to   space 512K, 0% used [0x00000000d6680000,0x00000000d6680000,0x00000000d6700000)
 ParOldGen       total 76288K, used 73461K [0x0000000080000000, 0x0000000084a80000, 0x00000000d5580000)
  object space 76288K, 96% used [0x0000000080000000,0x00000000847bd600,0x0000000084a80000)
 Metaspace       used 68168K, committed 69696K, reserved 1114112K
  class space    used 7852K, committed 8576K, reserved 1048576K
}
Event: 164.519 GC heap before
{Heap before GC invocations=128 (full 3):
 PSYoungGen      total 15872K, used 15680K [0x00000000d5580000, 0x00000000d6780000, 0x0000000100000000)
  eden space 15360K, 100% used [0x00000000d5580000,0x00000000d6480000,0x00000000d6480000)
  from space 512K, 62% used [0x00000000d6700000,0x00000000d6750000,0x00000000d6780000)
  to   space 512K, 0% used [0x00000000d6680000,0x00000000d6680000,0x00000000d6700000)
 ParOldGen       total 76288K, used 73461K [0x0000000080000000, 0x0000000084a80000, 0x00000000d5580000)
  object space 76288K, 96% used [0x0000000080000000,0x00000000847bd600,0x0000000084a80000)
 Metaspace       used 68214K, committed 69760K, reserved 1114112K
  class space    used 7857K, committed 8576K, reserved 1048576K
}
Event: 164.524 GC heap after
{Heap after GC invocations=128 (full 3):
 PSYoungGen      total 15872K, used 448K [0x00000000d5580000, 0x00000000d6780000, 0x0000000100000000)
  eden space 15360K, 0% used [0x00000000d5580000,0x00000000d5580000,0x00000000d6480000)
  from space 512K, 87% used [0x00000000d6680000,0x00000000d66f0040,0x00000000d6700000)
  to   space 512K, 0% used [0x00000000d6700000,0x00000000d6700000,0x00000000d6780000)
 ParOldGen       total 76288K, used 73717K [0x0000000080000000, 0x0000000084a80000, 0x00000000d5580000)
  object space 76288K, 96% used [0x0000000080000000,0x00000000847fd680,0x0000000084a80000)
 Metaspace       used 68214K, committed 69760K, reserved 1114112K
  class space    used 7857K, committed 8576K, reserved 1048576K
}
Event: 167.314 GC heap before
{Heap before GC invocations=129 (full 3):
 PSYoungGen      total 15872K, used 15808K [0x00000000d5580000, 0x00000000d6780000, 0x0000000100000000)
  eden space 15360K, 100% used [0x00000000d5580000,0x00000000d6480000,0x00000000d6480000)
  from space 512K, 87% used [0x00000000d6680000,0x00000000d66f0040,0x00000000d6700000)
  to   space 512K, 0% used [0x00000000d6700000,0x00000000d6700000,0x00000000d6780000)
 ParOldGen       total 76288K, used 73717K [0x0000000080000000, 0x0000000084a80000, 0x00000000d5580000)
  object space 76288K, 96% used [0x0000000080000000,0x00000000847fd680,0x0000000084a80000)
 Metaspace       used 68236K, committed 69760K, reserved 1114112K
  class space    used 7857K, committed 8576K, reserved 1048576K
}
Event: 167.324 GC heap after
{Heap after GC invocations=129 (full 3):
 PSYoungGen      total 15872K, used 498K [0x00000000d5580000, 0x00000000d6980000, 0x0000000100000000)
  eden space 15360K, 0% used [0x00000000d5580000,0x00000000d5580000,0x00000000d6480000)
  from space 512K, 97% used [0x00000000d6700000,0x00000000d677c908,0x00000000d6780000)
  to   space 2560K, 0% used [0x00000000d6480000,0x00000000d6480000,0x00000000d6700000)
 ParOldGen       total 76288K, used 75361K [0x0000000080000000, 0x0000000084a80000, 0x00000000d5580000)
  object space 76288K, 98% used [0x0000000080000000,0x0000000084998538,0x0000000084a80000)
 Metaspace       used 68236K, committed 69760K, reserved 1114112K
  class space    used 7857K, committed 8576K, reserved 1048576K
}
Event: 170.465 GC heap before
{Heap before GC invocations=130 (full 3):
 PSYoungGen      total 15872K, used 15627K [0x00000000d5580000, 0x00000000d6980000, 0x0000000100000000)
  eden space 15360K, 98% used [0x00000000d5580000,0x00000000d6446300,0x00000000d6480000)
  from space 512K, 97% used [0x00000000d6700000,0x00000000d677c908,0x00000000d6780000)
  to   space 2560K, 0% used [0x00000000d6480000,0x00000000d6480000,0x00000000d6700000)
 ParOldGen       total 76288K, used 75361K [0x0000000080000000, 0x0000000084a80000, 0x00000000d5580000)
  object space 76288K, 98% used [0x0000000080000000,0x0000000084998538,0x0000000084a80000)
 Metaspace       used 68274K, committed 69824K, reserved 1114112K
  class space    used 7857K, committed 8576K, reserved 1048576K
}
Event: 170.479 GC heap after
{Heap after GC invocations=130 (full 3):
 PSYoungGen      total 17920K, used 2528K [0x00000000d5580000, 0x00000000d6b80000, 0x0000000100000000)
  eden space 15360K, 0% used [0x00000000d5580000,0x00000000d5580000,0x00000000d6480000)
  from space 2560K, 98% used [0x00000000d6480000,0x00000000d66f8090,0x00000000d6700000)
  to   space 3584K, 0% used [0x00000000d6800000,0x00000000d6800000,0x00000000d6b80000)
 ParOldGen       total 76288K, used 76072K [0x0000000080000000, 0x0000000084a80000, 0x00000000d5580000)
  object space 76288K, 99% used [0x0000000080000000,0x0000000084a4a1e8,0x0000000084a80000)
 Metaspace       used 68274K, committed 69824K, reserved 1114112K
  class space    used 7857K, committed 8576K, reserved 1048576K
}
Event: 174.097 GC heap before
{Heap before GC invocations=131 (full 3):
 PSYoungGen      total 17920K, used 17888K [0x00000000d5580000, 0x00000000d6b80000, 0x0000000100000000)
  eden space 15360K, 100% used [0x00000000d5580000,0x00000000d6480000,0x00000000d6480000)
  from space 2560K, 98% used [0x00000000d6480000,0x00000000d66f8090,0x00000000d6700000)
  to   space 3584K, 0% used [0x00000000d6800000,0x00000000d6800000,0x00000000d6b80000)
 ParOldGen       total 76288K, used 76072K [0x0000000080000000, 0x0000000084a80000, 0x00000000d5580000)
  object space 76288K, 99% used [0x0000000080000000,0x0000000084a4a1e8,0x0000000084a80000)
 Metaspace       used 68311K, committed 69888K, reserved 1114112K
  class space    used 7857K, committed 8576K, reserved 1048576K
}
Event: 174.105 GC heap after
{Heap after GC invocations=131 (full 3):
 PSYoungGen      total 18432K, used 2782K [0x00000000d5580000, 0x00000000d6b00000, 0x0000000100000000)
  eden space 15360K, 0% used [0x00000000d5580000,0x00000000d5580000,0x00000000d6480000)
  from space 3072K, 90% used [0x00000000d6800000,0x00000000d6ab7980,0x00000000d6b00000)
  to   space 3072K, 0% used [0x00000000d6500000,0x00000000d6500000,0x00000000d6800000)
 ParOldGen       total 78848K, used 78454K [0x0000000080000000, 0x0000000084d00000, 0x00000000d5580000)
  object space 78848K, 99% used [0x0000000080000000,0x0000000084c9da10,0x0000000084d00000)
 Metaspace       used 68311K, committed 69888K, reserved 1114112K
  class space    used 7857K, committed 8576K, reserved 1048576K
}
Event: 179.673 GC heap before
{Heap before GC invocations=132 (full 3):
 PSYoungGen      total 18432K, used 18142K [0x00000000d5580000, 0x00000000d6b00000, 0x0000000100000000)
  eden space 15360K, 100% used [0x00000000d5580000,0x00000000d6480000,0x00000000d6480000)
  from space 3072K, 90% used [0x00000000d6800000,0x00000000d6ab7980,0x00000000d6b00000)
  to   space 3072K, 0% used [0x00000000d6500000,0x00000000d6500000,0x00000000d6800000)
 ParOldGen       total 78848K, used 78454K [0x0000000080000000, 0x0000000084d00000, 0x00000000d5580000)
  object space 78848K, 99% used [0x0000000080000000,0x0000000084c9da10,0x0000000084d00000)
 Metaspace       used 68323K, committed 69888K, reserved 1114112K
  class space    used 7857K, committed 8576K, reserved 1048576K
}
Event: 179.682 GC heap after
{Heap after GC invocations=132 (full 3):
 PSYoungGen      total 15872K, used 416K [0x00000000d5580000, 0x00000000d6880000, 0x0000000100000000)
  eden space 15360K, 0% used [0x00000000d5580000,0x00000000d5580000,0x00000000d6480000)
  from space 512K, 81% used [0x00000000d6500000,0x00000000d6568000,0x00000000d6580000)
  to   space 1536K, 0% used [0x00000000d6700000,0x00000000d6700000,0x00000000d6880000)
 ParOldGen       total 78848K, used 78726K [0x0000000080000000, 0x0000000084d00000, 0x00000000d5580000)
  object space 78848K, 99% used [0x0000000080000000,0x0000000084ce1ac0,0x0000000084d00000)
 Metaspace       used 68323K, committed 69888K, reserved 1114112K
  class space    used 7857K, committed 8576K, reserved 1048576K
}
Event: 186.228 GC heap before
{Heap before GC invocations=133 (full 3):
 PSYoungGen      total 15872K, used 15776K [0x00000000d5580000, 0x00000000d6880000, 0x0000000100000000)
  eden space 15360K, 100% used [0x00000000d5580000,0x00000000d6480000,0x00000000d6480000)
  from space 512K, 81% used [0x00000000d6500000,0x00000000d6568000,0x00000000d6580000)
  to   space 1536K, 0% used [0x00000000d6700000,0x00000000d6700000,0x00000000d6880000)
 ParOldGen       total 78848K, used 78726K [0x0000000080000000, 0x0000000084d00000, 0x00000000d5580000)
  object space 78848K, 99% used [0x0000000080000000,0x0000000084ce1ac0,0x0000000084d00000)
 Metaspace       used 68358K, committed 69888K, reserved 1114112K
  class space    used 7857K, committed 8576K, reserved 1048576K
}
Event: 186.243 GC heap after
{Heap after GC invocations=133 (full 3):
 PSYoungGen      total 15872K, used 224K [0x00000000d5580000, 0x00000000d6780000, 0x0000000100000000)
  eden space 15360K, 0% used [0x00000000d5580000,0x00000000d5580000,0x00000000d6480000)
  from space 512K, 43% used [0x00000000d6700000,0x00000000d6738000,0x00000000d6780000)
  to   space 512K, 0% used [0x00000000d6500000,0x00000000d6500000,0x00000000d6580000)
 ParOldGen       total 79360K, used 78984K [0x0000000080000000, 0x0000000084d80000, 0x00000000d5580000)
  object space 79360K, 99% used [0x0000000080000000,0x0000000084d22268,0x0000000084d80000)
 Metaspace       used 68358K, committed 69888K, reserved 1114112K
  class space    used 7857K, committed 8576K, reserved 1048576K
}

