# JRE version: OpenJDK Runtime Environment Temurin-21.0.12.1+1 (21.0.12.1+1) (build 21.0.12.1+1-LTS)
# Java VM: OpenJDK 64-Bit Server VM Temurin-21.0.12.1+1 (21.0.12.1+1-LTS, mixed mode, sharing, tiered, compressed oops, compressed class ptrs, g1 gc, windows-amd64)
GC Precious Log:
 CardTable entry size: 512
 Card Set container configuration: InlinePtr #cards 5 size 8 Array Of Cards #cards 12 size 40 Howl #buckets 4 coarsen threshold 1843 Howl Bitmap #cards 512 size 80 coarsen threshold 460 Card regions per heap region 1 cards per card region 2048
 CPUs: 4 total, 4 available
 Memory: 3973M
 Large Page Support: Disabled
 NUMA Support: Disabled
 Compressed Oops: Enabled (32-bit)
 Heap Region Size: 1M
 Heap Min Capacity: 256M
 Heap Initial Capacity: 256M
 Heap Max Capacity: 512M
 Pre-touch: Disabled
 Parallel Workers: 4
 Concurrent Workers: 1
 Concurrent Refinement Workers: 4
 Periodic GC: Disabled
Heap:
 garbage-first heap   total 262144K, used 55161K [0x00000000e0000000, 0x0000000100000000)
  region size 1024K, 27 young (27648K), 2 survivors (2048K)
 Metaspace       used 38351K, committed 39808K, reserved 393216K
  class space    used 5534K, committed 6208K, reserved 327680K
GC Heap History (16 events):
Event: 18.597 GC heap before
{Heap before GC invocations=0 (full 0):
 garbage-first heap   total 262144K, used 13312K [0x00000000e0000000, 0x0000000100000000)
  region size 1024K, 13 young (13312K), 0 survivors (0K)
 Metaspace       used 953K, committed 1088K, reserved 393216K
  class space    used 71K, committed 128K, reserved 327680K
}
Event: 22.867 GC heap after
{Heap after GC invocations=1 (full 0):
 garbage-first heap   total 262144K, used 2598K [0x00000000e0000000, 0x0000000100000000)
  region size 1024K, 2 young (2048K), 2 survivors (2048K)
 Metaspace       used 953K, committed 1088K, reserved 393216K
  class space    used 71K, committed 128K, reserved 327680K
}
Event: 39.067 GC heap before
{Heap before GC invocations=1 (full 0):
 garbage-first heap   total 262144K, used 23078K [0x00000000e0000000, 0x0000000100000000)
  region size 1024K, 19 young (19456K), 2 survivors (2048K)
 Metaspace       used 4297K, committed 4480K, reserved 393216K
  class space    used 560K, committed 640K, reserved 327680K
}
Event: 39.076 GC heap after
{Heap after GC invocations=2 (full 0):
 garbage-first heap   total 262144K, used 12099K [0x00000000e0000000, 0x0000000100000000)
  region size 1024K, 3 young (3072K), 3 survivors (3072K)
 Metaspace       used 4297K, committed 4480K, reserved 393216K
  class space    used 560K, committed 640K, reserved 327680K
}
Event: 45.954 GC heap before
{Heap before GC invocations=2 (full 0):
 garbage-first heap   total 262144K, used 36675K [0x00000000e0000000, 0x0000000100000000)
  region size 1024K, 26 young (26624K), 3 survivors (3072K)
 Metaspace       used 4664K, committed 4864K, reserved 393216K
  class space    used 592K, committed 704K, reserved 327680K
}
Event: 45.976 GC heap after
{Heap after GC invocations=3 (full 0):
 garbage-first heap   total 262144K, used 15171K [0x00000000e0000000, 0x0000000100000000)
  region size 1024K, 3 young (3072K), 3 survivors (3072K)
 Metaspace       used 4664K, committed 4864K, reserved 393216K
  class space    used 592K, committed 704K, reserved 327680K
}
Event: 100.037 GC heap before
{Heap before GC invocations=3 (full 0):
 garbage-first heap   total 262144K, used 84803K [0x00000000e0000000, 0x0000000100000000)
  region size 1024K, 72 young (73728K), 3 survivors (3072K)
 Metaspace       used 15474K, committed 15936K, reserved 393216K
  class space    used 2089K, committed 2304K, reserved 327680K
}
Event: 100.078 GC heap after
{Heap after GC invocations=4 (full 0):
 garbage-first heap   total 262144K, used 22349K [0x00000000e0000000, 0x0000000100000000)
  region size 1024K, 9 young (9216K), 9 survivors (9216K)
 Metaspace       used 15474K, committed 15936K, reserved 393216K
  class space    used 2089K, committed 2304K, reserved 327680K
}
Event: 120.715 GC heap before
{Heap before GC invocations=4 (full 0):
 garbage-first heap   total 262144K, used 60237K [0x00000000e0000000, 0x0000000100000000)
  region size 1024K, 48 young (49152K), 9 survivors (9216K)
 Metaspace       used 20832K, committed 21504K, reserved 393216K
  class space    used 2947K, committed 3264K, reserved 327680K
}
Event: 120.765 GC heap after
{Heap after GC invocations=5 (full 0):
 garbage-first heap   total 262144K, used 24845K [0x00000000e0000000, 0x0000000100000000)
  region size 1024K, 3 young (3072K), 3 survivors (3072K)
 Metaspace       used 20832K, committed 21504K, reserved 393216K
  class space    used 2947K, committed 3264K, reserved 327680K
}
Event: 181.144 GC heap before
{Heap before GC invocations=6 (full 0):
 garbage-first heap   total 262144K, used 105741K [0x00000000e0000000, 0x0000000100000000)
  region size 1024K, 81 young (82944K), 3 survivors (3072K)
 Metaspace       used 31503K, committed 32768K, reserved 393216K
  class space    used 4573K, committed 5184K, reserved 327680K
}
Event: 181.231 GC heap after
{Heap after GC invocations=7 (full 0):
 garbage-first heap   total 262144K, used 28994K [0x00000000e0000000, 0x0000000100000000)
  region size 1024K, 7 young (7168K), 7 survivors (7168K)
 Metaspace       used 31503K, committed 32768K, reserved 393216K
  class space    used 4573K, committed 5184K, reserved 327680K
}
Event: 195.285 GC heap before
{Heap before GC invocations=7 (full 0):
 garbage-first heap   total 262144K, used 50498K [0x00000000e0000000, 0x0000000100000000)
  region size 1024K, 30 young (30720K), 7 survivors (7168K)
 Metaspace       used 34562K, committed 35968K, reserved 393216K
  class space    used 4994K, committed 5696K, reserved 327680K
}
Event: 195.554 GC heap after
{Heap after GC invocations=8 (full 0):
 garbage-first heap   total 262144K, used 30513K [0x00000000e0000000, 0x0000000100000000)
  region size 1024K, 9 young (9216K), 9 survivors (9216K)
 Metaspace       used 34562K, committed 35968K, reserved 393216K
  class space    used 4994K, committed 5696K, reserved 327680K
}
Event: 196.837 GC heap before
{Heap before GC invocations=8 (full 0):
 garbage-first heap   total 262144K, used 31537K [0x00000000e0000000, 0x0000000100000000)
  region size 1024K, 11 young (11264K), 9 survivors (9216K)
 Metaspace       used 34911K, committed 36288K, reserved 393216K
  class space    used 5022K, committed 5696K, reserved 327680K
}
Event: 196.900 GC heap after
{Heap after GC invocations=9 (full 0):
 garbage-first heap   total 262144K, used 30585K [0x00000000e0000000, 0x0000000100000000)
  region size 1024K, 2 young (2048K), 2 survivors (2048K)
 Metaspace       used 34911K, committed 36288K, reserved 393216K
  class space    used 5022K, committed 5696K, reserved 327680K
}

