# JRE version: Java(TM) SE Runtime Environment (23.0.2+7) (build 23.0.2+7-58)
# Java VM: Java HotSpot(TM) 64-Bit Server VM (23.0.2+7-58, mixed mode, sharing, tiered, compressed oops, compressed class ptrs, g1 gc, windows-amd64)
GC Precious Log:
 CardTable entry size: 512
 Card Set container configuration: InlinePtr #cards 5 size 8 Array Of Cards #cards 10 size 36 Howl #buckets 4 coarsen threshold 1843 Howl Bitmap #cards 512 size 80 coarsen threshold 460 Card regions per heap region 1 cards per card region 2048
 CPUs: 4 total, 4 available
 Memory: 3973M
 Large Page Support: Disabled
 NUMA Support: Disabled
 Compressed Oops: Enabled (32-bit)
 Heap Region Size: 1M
 Heap Min Capacity: 256M
 Heap Initial Capacity: 256M
 Heap Max Capacity: 512M
 Pre-touch: Disabled
 Parallel Workers: 4
 Concurrent Workers: 1
 Concurrent Refinement Workers: 4
 Periodic GC: Disabled
Heap:
 garbage-first heap   total reserved 524288K, committed 262144K, used 82284K [0x00000000e0000000, 0x0000000100000000)
  region size 1024K, 26 young (26624K), 8 survivors (8192K)
 Metaspace       used 72469K, committed 75200K, reserved 393216K
  class space    used 10246K, committed 11584K, reserved 327680K
GC Heap History (20 events):
Event: 125.078 GC heap before
{Heap before GC invocations=46 (full 0):
 garbage-first heap   total reserved 524288K, committed 262144K, used 214252K [0x00000000e0000000, 0x0000000100000000)
  region size 1024K, 153 young (156672K), 8 survivors (8192K)
 Metaspace       used 71903K, committed 74624K, reserved 393216K
  class space    used 10236K, committed 11584K, reserved 327680K
}
Event: 125.084 GC heap after
{Heap after GC invocations=47 (full 0):
 garbage-first heap   total reserved 524288K, committed 262144K, used 60172K [0x00000000e0000000, 0x0000000100000000)
  region size 1024K, 3 young (3072K), 3 survivors (3072K)
 Metaspace       used 71903K, committed 74624K, reserved 393216K
  class space    used 10236K, committed 11584K, reserved 327680K
}
Event: 126.570 GC heap before
{Heap before GC invocations=48 (full 0):
 garbage-first heap   total reserved 524288K, committed 262144K, used 213772K [0x00000000e0000000, 0x0000000100000000)
  region size 1024K, 153 young (156672K), 3 survivors (3072K)
 Metaspace       used 71923K, committed 74624K, reserved 393216K
  class space    used 10236K, committed 11584K, reserved 327680K
}
Event: 126.585 GC heap after
{Heap after GC invocations=49 (full 0):
 garbage-first heap   total reserved 524288K, committed 262144K, used 67282K [0x00000000e0000000, 0x0000000100000000)
  region size 1024K, 10 young (10240K), 10 survivors (10240K)
 Metaspace       used 71923K, committed 74624K, reserved 393216K
  class space    used 10236K, committed 11584K, reserved 327680K
}
Event: 130.066 GC heap before
{Heap before GC invocations=49 (full 0):
 garbage-first heap   total reserved 524288K, committed 262144K, used 212690K [0x00000000e0000000, 0x0000000100000000)
  region size 1024K, 153 young (156672K), 10 survivors (10240K)
 Metaspace       used 71995K, committed 74688K, reserved 393216K
  class space    used 10240K, committed 11584K, reserved 327680K
}
Event: 130.104 GC heap after
{Heap after GC invocations=50 (full 0):
 garbage-first heap   total reserved 524288K, committed 262144K, used 69404K [0x00000000e0000000, 0x0000000100000000)
  region size 1024K, 12 young (12288K), 12 survivors (12288K)
 Metaspace       used 71995K, committed 74688K, reserved 393216K
  class space    used 10240K, committed 11584K, reserved 327680K
}
Event: 133.637 GC heap before
{Heap before GC invocations=50 (full 0):
 garbage-first heap   total reserved 524288K, committed 262144K, used 213788K [0x00000000e0000000, 0x0000000100000000)
  region size 1024K, 153 young (156672K), 12 survivors (12288K)
 Metaspace       used 72053K, committed 74816K, reserved 393216K
  class space    used 10240K, committed 11584K, reserved 327680K
}
Event: 133.646 GC heap after
{Heap after GC invocations=51 (full 0):
 garbage-first heap   total reserved 524288K, committed 262144K, used 62332K [0x00000000e0000000, 0x0000000100000000)
  region size 1024K, 5 young (5120K), 5 survivors (5120K)
 Metaspace       used 72053K, committed 74816K, reserved 393216K
  class space    used 10240K, committed 11584K, reserved 327680K
}
Event: 136.432 GC heap before
{Heap before GC invocations=52 (full 0):
 garbage-first heap   total reserved 524288K, committed 262144K, used 213884K [0x00000000e0000000, 0x0000000100000000)
  region size 1024K, 153 young (156672K), 5 survivors (5120K)
 Metaspace       used 72099K, committed 74816K, reserved 393216K
  class space    used 10240K, committed 11584K, reserved 327680K
}
Event: 136.440 GC heap after
{Heap after GC invocations=53 (full 0):
 garbage-first heap   total reserved 524288K, committed 262144K, used 61615K [0x00000000e0000000, 0x0000000100000000)
  region size 1024K, 4 young (4096K), 4 survivors (4096K)
 Metaspace       used 72099K, committed 74816K, reserved 393216K
  class space    used 10240K, committed 11584K, reserved 327680K
}
Event: 139.521 GC heap before
{Heap before GC invocations=53 (full 0):
 garbage-first heap   total reserved 524288K, committed 262144K, used 214191K [0x00000000e0000000, 0x0000000100000000)
  region size 1024K, 153 young (156672K), 4 survivors (4096K)
 Metaspace       used 72116K, committed 74880K, reserved 393216K
  class space    used 10241K, committed 11584K, reserved 327680K
}
Event: 139.552 GC heap after
{Heap after GC invocations=54 (full 0):
 garbage-first heap   total reserved 524288K, committed 262144K, used 66353K [0x00000000e0000000, 0x0000000100000000)
  region size 1024K, 9 young (9216K), 9 survivors (9216K)
 Metaspace       used 72116K, committed 74880K, reserved 393216K
  class space    used 10241K, committed 11584K, reserved 327680K
}
Event: 142.744 GC heap before
{Heap before GC invocations=54 (full 0):
 garbage-first heap   total reserved 524288K, committed 262144K, used 213809K [0x00000000e0000000, 0x0000000100000000)
  region size 1024K, 153 young (156672K), 9 survivors (9216K)
 Metaspace       used 72173K, committed 74880K, reserved 393216K
  class space    used 10243K, committed 11584K, reserved 327680K
}
Event: 142.757 GC heap after
{Heap after GC invocations=55 (full 0):
 garbage-first heap   total reserved 524288K, committed 262144K, used 65742K [0x00000000e0000000, 0x0000000100000000)
  region size 1024K, 9 young (9216K), 9 survivors (9216K)
 Metaspace       used 72173K, committed 74880K, reserved 393216K
  class space    used 10243K, committed 11584K, reserved 327680K
}
Event: 151.170 GC heap before
{Heap before GC invocations=56 (full 0):
 garbage-first heap   total reserved 524288K, committed 262144K, used 213198K [0x00000000e0000000, 0x0000000100000000)
  region size 1024K, 153 young (156672K), 9 survivors (9216K)
 Metaspace       used 72232K, committed 74944K, reserved 393216K
  class space    used 10246K, committed 11584K, reserved 327680K
}
Event: 151.191 GC heap after
{Heap after GC invocations=57 (full 0):
 garbage-first heap   total reserved 524288K, committed 262144K, used 61285K [0x00000000e0000000, 0x0000000100000000)
  region size 1024K, 4 young (4096K), 4 survivors (4096K)
 Metaspace       used 72232K, committed 74944K, reserved 393216K
  class space    used 10246K, committed 11584K, reserved 327680K
}
Event: 166.153 GC heap before
{Heap before GC invocations=57 (full 0):
 garbage-first heap   total reserved 524288K, committed 262144K, used 213861K [0x00000000e0000000, 0x0000000100000000)
  region size 1024K, 153 young (156672K), 4 survivors (4096K)
 Metaspace       used 72251K, committed 74944K, reserved 393216K
  class space    used 10246K, committed 11584K, reserved 327680K
}
Event: 166.349 GC heap after
{Heap after GC invocations=58 (full 0):
 garbage-first heap   total reserved 524288K, committed 262144K, used 65900K [0x00000000e0000000, 0x0000000100000000)
  region size 1024K, 9 young (9216K), 9 survivors (9216K)
 Metaspace       used 72251K, committed 74944K, reserved 393216K
  class space    used 10246K, committed 11584K, reserved 327680K
}
Event: 238.110 GC heap before
{Heap before GC invocations=58 (full 0):
 garbage-first heap   total reserved 524288K, committed 262144K, used 213356K [0x00000000e0000000, 0x0000000100000000)
  region size 1024K, 153 young (156672K), 9 survivors (9216K)
 Metaspace       used 72467K, committed 75200K, reserved 393216K
  class space    used 10246K, committed 11584K, reserved 327680K
}
Event: 238.252 GC heap after
{Heap after GC invocations=59 (full 0):
 garbage-first heap   total reserved 524288K, committed 262144K, used 64876K [0x00000000e0000000, 0x0000000100000000)
  region size 1024K, 8 young (8192K), 8 survivors (8192K)
 Metaspace       used 72467K, committed 75200K, reserved 393216K
  class space    used 10246K, committed 11584K, reserved 327680K
}

