# JRE version: OpenJDK Runtime Environment Temurin-21.0.12.1+1 (21.0.12.1+1) (build 21.0.12.1+1-LTS)
# Java VM: OpenJDK 64-Bit Server VM Temurin-21.0.12.1+1 (21.0.12.1+1-LTS, mixed mode, sharing, tiered, compressed oops, compressed class ptrs, g1 gc, windows-amd64)
GC Precious Log:
 CardTable entry size: 512
 Card Set container configuration: InlinePtr #cards 5 size 8 Array Of Cards #cards 12 size 40 Howl #buckets 4 coarsen threshold 1843 Howl Bitmap #cards 512 size 80 coarsen threshold 460 Card regions per heap region 1 cards per card region 2048
 CPUs: 4 total, 4 available
 Memory: 3973M
 Large Page Support: Disabled
 NUMA Support: Disabled
 Compressed Oops: Enabled (32-bit)
 Heap Region Size: 1M
 Heap Min Capacity: 256M
 Heap Initial Capacity: 256M
 Heap Max Capacity: 512M
 Pre-touch: Disabled
 Parallel Workers: 4
 Concurrent Workers: 1
 Concurrent Refinement Workers: 4
 Periodic GC: Disabled
Heap:
 garbage-first heap   total 262144K, used 108124K [0x00000000e0000000, 0x0000000100000000)
  region size 1024K, 85 young (87040K), 9 survivors (9216K)
 Metaspace       used 43540K, committed 45376K, reserved 393216K
  class space    used 6555K, committed 7488K, reserved 327680K
GC Heap History (16 events):
Event: 3.322 GC heap before
{Heap before GC invocations=0 (full 0):
 garbage-first heap   total 262144K, used 12288K [0x00000000e0000000, 0x0000000100000000)
  region size 1024K, 13 young (13312K), 0 survivors (0K)
 Metaspace       used 948K, committed 1024K, reserved 393216K
  class space    used 71K, committed 128K, reserved 327680K
}
Event: 3.387 GC heap after
{Heap after GC invocations=1 (full 0):
 garbage-first heap   total 262144K, used 2440K [0x00000000e0000000, 0x0000000100000000)
  region size 1024K, 2 young (2048K), 2 survivors (2048K)
 Metaspace       used 948K, committed 1024K, reserved 393216K
  class space    used 71K, committed 128K, reserved 327680K
}
Event: 6.595 GC heap before
{Heap before GC invocations=1 (full 0):
 garbage-first heap   total 262144K, used 23944K [0x00000000e0000000, 0x0000000100000000)
  region size 1024K, 20 young (20480K), 2 survivors (2048K)
 Metaspace       used 4542K, committed 4736K, reserved 393216K
  class space    used 592K, committed 704K, reserved 327680K
}
Event: 6.603 GC heap after
{Heap after GC invocations=2 (full 0):
 garbage-first heap   total 262144K, used 12163K [0x00000000e0000000, 0x0000000100000000)
  region size 1024K, 3 young (3072K), 3 survivors (3072K)
 Metaspace       used 4542K, committed 4736K, reserved 393216K
  class space    used 592K, committed 704K, reserved 327680K
}
Event: 7.443 GC heap before
{Heap before GC invocations=2 (full 0):
 garbage-first heap   total 262144K, used 35715K [0x00000000e0000000, 0x0000000100000000)
  region size 1024K, 25 young (25600K), 3 survivors (3072K)
 Metaspace       used 4674K, committed 4864K, reserved 393216K
  class space    used 593K, committed 704K, reserved 327680K
}
Event: 7.447 GC heap after
{Heap after GC invocations=3 (full 0):
 garbage-first heap   total 262144K, used 14920K [0x00000000e0000000, 0x0000000100000000)
  region size 1024K, 2 young (2048K), 2 survivors (2048K)
 Metaspace       used 4674K, committed 4864K, reserved 393216K
  class space    used 593K, committed 704K, reserved 327680K
}
Event: 14.766 GC heap before
{Heap before GC invocations=3 (full 0):
 garbage-first heap   total 262144K, used 98888K [0x00000000e0000000, 0x0000000100000000)
  region size 1024K, 85 young (87040K), 2 survivors (2048K)
 Metaspace       used 17524K, committed 18048K, reserved 393216K
  class space    used 2439K, committed 2688K, reserved 327680K
}
Event: 14.781 GC heap after
{Heap after GC invocations=4 (full 0):
 garbage-first heap   total 262144K, used 23001K [0x00000000e0000000, 0x0000000100000000)
  region size 1024K, 10 young (10240K), 10 survivors (10240K)
 Metaspace       used 17524K, committed 18048K, reserved 393216K
  class space    used 2439K, committed 2688K, reserved 327680K
}
Event: 19.058 GC heap before
{Heap before GC invocations=4 (full 0):
 garbage-first heap   total 262144K, used 47577K [0x00000000e0000000, 0x0000000100000000)
  region size 1024K, 35 young (35840K), 10 survivors (10240K)
 Metaspace       used 20854K, committed 21504K, reserved 393216K
  class space    used 2989K, committed 3328K, reserved 327680K
}
Event: 19.070 GC heap after
{Heap after GC invocations=5 (full 0):
 garbage-first heap   total 262144K, used 25161K [0x00000000e0000000, 0x0000000100000000)
  region size 1024K, 3 young (3072K), 3 survivors (3072K)
 Metaspace       used 20854K, committed 21504K, reserved 393216K
  class space    used 2989K, committed 3328K, reserved 327680K
}
Event: 50.338 GC heap before
{Heap before GC invocations=6 (full 0):
 garbage-first heap   total 262144K, used 123465K [0x00000000e0000000, 0x0000000100000000)
  region size 1024K, 99 young (101376K), 3 survivors (3072K)
 Metaspace       used 32799K, committed 34176K, reserved 393216K
  class space    used 4931K, committed 5632K, reserved 327680K
}
Event: 50.390 GC heap after
{Heap after GC invocations=7 (full 0):
 garbage-first heap   total 262144K, used 30243K [0x00000000e0000000, 0x0000000100000000)
  region size 1024K, 8 young (8192K), 8 survivors (8192K)
 Metaspace       used 32799K, committed 34176K, reserved 393216K
  class space    used 4931K, committed 5632K, reserved 327680K
}
Event: 60.922 GC heap before
{Heap before GC invocations=7 (full 0):
 garbage-first heap   total 262144K, used 42531K [0x00000000e0000000, 0x0000000100000000)
  region size 1024K, 22 young (22528K), 8 survivors (8192K)
 Metaspace       used 34582K, committed 35968K, reserved 393216K
  class space    used 5242K, committed 5952K, reserved 327680K
}
Event: 60.948 GC heap after
{Heap after GC invocations=8 (full 0):
 garbage-first heap   total 262144K, used 31256K [0x00000000e0000000, 0x0000000100000000)
  region size 1024K, 9 young (9216K), 9 survivors (9216K)
 Metaspace       used 34582K, committed 35968K, reserved 393216K
  class space    used 5242K, committed 5952K, reserved 327680K
}
Event: 61.150 GC heap before
{Heap before GC invocations=8 (full 0):
 garbage-first heap   total 262144K, used 32280K [0x00000000e0000000, 0x0000000100000000)
  region size 1024K, 11 young (11264K), 9 survivors (9216K)
 Metaspace       used 34904K, committed 36288K, reserved 393216K
  class space    used 5243K, committed 5952K, reserved 327680K
}
Event: 61.164 GC heap after
{Heap after GC invocations=9 (full 0):
 garbage-first heap   total 262144K, used 31324K [0x00000000e0000000, 0x0000000100000000)
  region size 1024K, 9 young (9216K), 9 survivors (9216K)
 Metaspace       used 34904K, committed 36288K, reserved 393216K
  class space    used 5243K, committed 5952K, reserved 327680K
}

